C:\USERS\GABO\DOWNLOADS\10\10\HID_CON\HID_CON\DEBUG\HID.OBJ
C:\USERS\GABO\DOWNLOADS\10\10\HID_CON\HID_CON\DEBUG\HID_CON.OBJ
C:\USERS\GABO\DOWNLOADS\10\10\HID_CON\HID_CON\DEBUG\STDAFX.OBJ
C:\USERS\GABO\DOWNLOADS\10\10\HID_CON\HID_CON\DEBUG\VC110.PDB
C:\USERS\GABO\DOWNLOADS\10\10\HID_CON\DEBUG\HID_CON.ILK
C:\USERS\GABO\DOWNLOADS\10\10\HID_CON\DEBUG\HID_CON.EXE
C:\USERS\GABO\DOWNLOADS\10\10\HID_CON\DEBUG\HID_CON.PDB
C:\Users\Gabo\Downloads\10\10\hid_con\hid_con\Debug\hid.obj
C:\Users\Gabo\Downloads\10\10\hid_con\hid_con\Debug\hid_con.obj
C:\Users\Gabo\Downloads\10\10\hid_con\hid_con\Debug\stdafx.obj
C:\Users\Gabo\Downloads\10\10\hid_con\hid_con\Debug\cl.command.1.tlog
C:\Users\Gabo\Downloads\10\10\hid_con\hid_con\Debug\CL.read.1.tlog
C:\Users\Gabo\Downloads\10\10\hid_con\hid_con\Debug\CL.write.1.tlog
C:\Users\Gabo\Downloads\10\10\hid_con\hid_con\Debug\link-cvtres.read.1.tlog
C:\Users\Gabo\Downloads\10\10\hid_con\hid_con\Debug\link-cvtres.write.1.tlog
C:\Users\Gabo\Downloads\10\10\hid_con\hid_con\Debug\link-rc.read.1.tlog
C:\Users\Gabo\Downloads\10\10\hid_con\hid_con\Debug\link-rc.write.1.tlog
C:\Users\Gabo\Downloads\10\10\hid_con\hid_con\Debug\link.1536-cvtres.read.1.tlog
C:\Users\Gabo\Downloads\10\10\hid_con\hid_con\Debug\link.1536-cvtres.write.1.tlog
C:\Users\Gabo\Downloads\10\10\hid_con\hid_con\Debug\link.1536-rc.read.1.tlog
C:\Users\Gabo\Downloads\10\10\hid_con\hid_con\Debug\link.1536-rc.write.1.tlog
C:\Users\Gabo\Downloads\10\10\hid_con\hid_con\Debug\link.1536.read.1.tlog
C:\Users\Gabo\Downloads\10\10\hid_con\hid_con\Debug\link.1536.write.1.tlog
C:\Users\Gabo\Downloads\10\10\hid_con\hid_con\Debug\link.3920-cvtres.read.1.tlog
C:\Users\Gabo\Downloads\10\10\hid_con\hid_con\Debug\link.3920-cvtres.write.1.tlog
C:\Users\Gabo\Downloads\10\10\hid_con\hid_con\Debug\link.3920-rc.read.1.tlog
C:\Users\Gabo\Downloads\10\10\hid_con\hid_con\Debug\link.3920-rc.write.1.tlog
C:\Users\Gabo\Downloads\10\10\hid_con\hid_con\Debug\link.3920.read.1.tlog
C:\Users\Gabo\Downloads\10\10\hid_con\hid_con\Debug\link.3920.write.1.tlog
C:\Users\Gabo\Downloads\10\10\hid_con\hid_con\Debug\link.4324-cvtres.read.1.tlog
C:\Users\Gabo\Downloads\10\10\hid_con\hid_con\Debug\link.4324-cvtres.write.1.tlog
C:\Users\Gabo\Downloads\10\10\hid_con\hid_con\Debug\link.4324-rc.read.1.tlog
C:\Users\Gabo\Downloads\10\10\hid_con\hid_con\Debug\link.4324-rc.write.1.tlog
C:\Users\Gabo\Downloads\10\10\hid_con\hid_con\Debug\link.4324.read.1.tlog
C:\Users\Gabo\Downloads\10\10\hid_con\hid_con\Debug\link.4324.write.1.tlog
C:\Users\Gabo\Downloads\10\10\hid_con\hid_con\Debug\link.5292-cvtres.read.1.tlog
C:\Users\Gabo\Downloads\10\10\hid_con\hid_con\Debug\link.5292-cvtres.write.1.tlog
C:\Users\Gabo\Downloads\10\10\hid_con\hid_con\Debug\link.5292-rc.read.1.tlog
C:\Users\Gabo\Downloads\10\10\hid_con\hid_con\Debug\link.5292-rc.write.1.tlog
C:\Users\Gabo\Downloads\10\10\hid_con\hid_con\Debug\link.5292.read.1.tlog
C:\Users\Gabo\Downloads\10\10\hid_con\hid_con\Debug\link.5292.write.1.tlog
C:\Users\Gabo\Downloads\10\10\hid_con\hid_con\Debug\link.command.1.tlog
C:\Users\Gabo\Downloads\10\10\hid_con\hid_con\Debug\link.read.1.tlog
C:\Users\Gabo\Downloads\10\10\hid_con\hid_con\Debug\link.write.1.tlog
C:\Users\Gabo\Downloads\10\10\hid_con\hid_con\Debug\vc110.idb
C:\Users\Gabo\Downloads\10\10\hid_con\hid_con\Debug\vc110.pdb
C:\Users\Gabo\Downloads\10\10\hid_con\Debug\hid_con.pdb
C:\Users\Gabo\Downloads\10\10\hid_con\Debug\hid_con.exe
C:\Users\Gabo\Downloads\10\10\hid_con\Debug\hid_con.ilk
